hlcsg v3.4 VL34 64-bit (Aug 17 2015)
Zoner's Half-Life Compilation Tools -- Custom Build
Based on code modifications by Sean 'Zoner' Cavanaugh
Based on Valve's version, modified with permission.
Submit detailed bug reports to (vluzacn@163.com)
-----  BEGIN  hlcsg -----
Command line: "C:/Program Files/J.A.C.K./halflife/hlcsg.exe" Z:\home\glitch\.steam\debian-installation\steamapps\common\Half-Life\valve\maps\sandbox 
Arguments: Z:\home\glitch\.steam\debian-installation\steamapps\common\Half-Life\valve\maps\sandbox -low -wadautodetect 
Entering Z:\home\glitch\.steam\debian-installation\steamapps\common\Half-Life\valve\maps\sandbox.map

Current hlcsg Settings
Name                 |  Setting  |  Default
---------------------|-----------|-------------------------
threads               [      20 ] [  Varies ]
verbose               [     off ] [     off ]
log                   [      on ] [      on ]
reset logfile         [      on ] [      on ]
developer             [       0 ] [       0 ]
chart                 [     off ] [     off ]
estimate              [     off ] [     off ]
max texture memory    [ 33554432 ] [ 33554432 ]
max lighting memory   [ 50331648 ] [ 50331648 ]
priority              [     Low ] [  Normal ]

noclip                [     off ] [     off ]
null texture stripping[      on ] [      on ]
clipnode economy mode [     off ] [     off ]
clip hull type        [  simple ] [  simple ]
onlyents              [     off ] [     off ]
wadtextures           [      on ] [      on ]
skyclip               [      on ] [      on ]
hullfile              [    None ] [    None ]
wad configuration file[    None ] [    None ]
wad.cfg group name    [    None ] [    None ]
nullfile              [    None ] [    None ]
nullify trigger       [      on ] [      on ]
min surface area      [   0.000 ] [   0.000 ]
brush union threshold [   0.000 ] [   0.000 ]
map scaling           [    None ] [    None ]
light name optimize   [      on ] [      on ]
convert game_text     [      on ] [      on ]

Using mapfile wad configuration
Wadfiles not in use by the map will be excluded
Wadinclude list :
[zhlt.wad]

CreateBrush:
 (0.05 seconds)
CSGBrush:
 (0.00 seconds)

Using Wadfile: /home/glitch/.steam/debian-installation/steamapps/common/Half-Life/valve/halflife.wad
 - Contains 2 used textures, 100.00 percent of map (3120 textures in wad)

Wad files required to run the map: "halflife.wad;"
Texture usage is at 0.33 mb (of 32.00 mb MAX)
0.06 seconds elapsed

-----   END   hlcsg -----



hlbsp v3.4 VL34 64-bit (Aug 17 2015)
Zoner's Half-Life Compilation Tools -- Custom Build
Based on code modifications by Sean 'Zoner' Cavanaugh
Based on Valve's version, modified with permission.
Submit detailed bug reports to (vluzacn@163.com)
-----  BEGIN  hlbsp -----
Command line: "C:/Program Files/J.A.C.K./halflife/hlbsp.exe" Z:\home\glitch\.steam\debian-installation\steamapps\common\Half-Life\valve\maps\sandbox 
Arguments: Z:\home\glitch\.steam\debian-installation\steamapps\common\Half-Life\valve\maps\sandbox -low -chart 

Current hlbsp Settings
Name               |  Setting  |  Default
-------------------|-----------|-------------------------
threads             [      20 ] [  Varies ]
verbose             [     off ] [     off ]
log                 [      on ] [      on ]
developer           [       0 ] [       0 ]
chart               [      on ] [     off ]
estimate            [     off ] [     off ]
max texture memory  [ 33554432 ] [ 33554432 ]
priority            [     Low ] [  Normal ]

noclip              [     off ] [     off ]
nofill              [     off ] [     off ]
noinsidefill        [     off ] [     off ]
noopt               [     off ] [     off ]
no clipnode merging [     off ] [     off ]
null tex. stripping [      on ] [      on ]
notjunc             [     off ] [     off ]
nobrink             [     off ] [     off ]
subdivide size      [     240 ] [     240 ] (Min 64) (Max 512)
max node size       [    1024 ] [    1024 ] (Min 64) (Max 65536)
remove hull 2       [     off ] [     off ]


SolidBSP [hull 0] 23 (0.01 seconds)
BSP generation successful, writing portal file 'Z:\home\glitch\.steam\debian-installation\steamapps\common\Half-Life\valve\maps\sandbox.prt'
SolidBSP [hull 1] 23 (0.00 seconds)
SolidBSP [hull 2] 23 (0.00 seconds)
SolidBSP [hull 3] 23 (0.00 seconds)
Reduced 36 clipnodes to 36
Reduced 8 texinfos to 6
Reduced 2 texdatas to 2 (92 bytes to 92)
Reduced 112 planes to 34
FixBrinks:
Increased 36 clipnodes to 36.

Object names  Objects/Maxobjs  Memory / Maxmem  Fullness
------------  ---------------  ---------------  --------
models              1/512           64/32768    ( 0.2%)
planes             34/32768        680/655360   ( 0.1%)
vertexes         2908/65535      34896/786420   ( 4.4%)
nodes              22/32767        528/786408   ( 0.1%)
texinfos            6/32767        240/1310680  ( 0.0%)
faces            2784/65535      55680/1310700  ( 4.2%)
* worldfaces     2784/32768          0/0        ( 8.5%)
clipnodes          36/32767        288/262136   ( 0.1%)
leaves             13/32760        364/917280   ( 0.0%)
* worldleaves      12/8192           0/0        ( 0.1%)
marksurfaces     2800/65535       5600/131070   ( 4.3%)
surfedges       11680/512000     46720/2048000  ( 2.3%)
edges            5989/256000     23956/1024000  ( 2.3%)
texdata          [variable]         92/33554432 ( 0.0%)
lightdata        [variable]          0/50331648 ( 0.0%)
visdata          [variable]          0/8388608  ( 0.0%)
entdata          [variable]      15586/2097152  ( 0.7%)
* AllocBlock       42/64             0/0        (65.6%)
2 textures referenced
=== Total BSP file data space used: 184694 bytes ===
Wad files required to run the map: "halflife.wad;"
0.03 seconds elapsed

-----   END   hlbsp -----



hlvis v3.4 VL34 64-bit (Aug 17 2015)
Zoner's Half-Life Compilation Tools -- Custom Build
Based on code modifications by Sean 'Zoner' Cavanaugh
Based on Valve's version, modified with permission.
Submit detailed bug reports to (vluzacn@163.com)
-----  BEGIN  hlvis -----
Command line: "C:/Program Files/J.A.C.K./halflife/hlvis.exe" Z:\home\glitch\.steam\debian-installation\steamapps\common\Half-Life\valve\maps\sandbox 
Arguments: Z:\home\glitch\.steam\debian-installation\steamapps\common\Half-Life\valve\maps\sandbox -low 
  12 portalleafs
  21 numportals

-= Current hlvis Settings =-
Name               |  Setting  |  Default
-------------------|-----------|-------------------------
threads             [      20 ] [  Varies ]
verbose             [     off ] [     off ]
log                 [      on ] [      on ]
developer           [       0 ] [       0 ]
chart               [     off ] [     off ]
estimate            [     off ] [     off ]
max texture memory  [ 33554432 ] [ 33554432 ]
max vis distance    [       0 ] [       0 ]
priority            [     Low ] [  Normal ]

fast vis            [     off ] [     off ]
full vis            [     off ] [     off ]


BasePortalVis:
 (0.04 seconds)
LeafThread:
 (0.00 seconds)
average leafs visible: 8
g_visdatasize:26  compressed from 24
0.04 seconds elapsed

-----   END   hlvis -----



hlrad v3.4 VL34 64-bit (Aug 17 2015)
Zoner's Half-Life Compilation Tools -- Custom Build
Based on code modifications by Sean 'Zoner' Cavanaugh
Based on Valve's version, modified with permission.
Submit detailed bug reports to (vluzacn@163.com)
-----  BEGIN  hlrad -----
Command line: "C:/Program Files/J.A.C.K./halflife/hlrad.exe" -extra Z:\home\glitch\.steam\debian-installation\steamapps\common\Half-Life\valve\maps\sandbox 
Arguments: -extra Z:\home\glitch\.steam\debian-installation\steamapps\common\Half-Life\valve\maps\sandbox -low 

-= Current hlrad Settings =-
Name                | Setting             | Default
--------------------|---------------------|-------------------------
threads              [                20 ] [            Varies ]
verbose              [               off ] [               off ]
log                  [                on ] [                on ]
developer            [                 0 ] [                 0 ]
chart                [               off ] [               off ]
estimate             [               off ] [               off ]
max texture memory   [          33554432 ] [          33554432 ]
max lighting memory  [          50331648 ] [          50331648 ]
priority             [               Low ] [            Normal ]

fast rad             [               off ] [               off ]
vismatrix algorithm  [            Sparse ] [            Sparse ]
oversampling (-extra)[                on ] [               off ]
bounces              [                 8 ] [                 8 ]
ambient light        [ 0.000 0.000 0.000 ] [ 0.000 0.000 0.000 ]
light limit threshold[           188.000 ] [           188.000 ]
circus mode          [               off ] [               off ]

smoothing threshold  [            50.000 ] [            50.000 ]
smoothing threshold 2[         no change ] [         no change ]
direct threshold     [            10.000 ] [            10.000 ]
direct light scale   [             1.000 ] [             1.000 ]
coring threshold     [             0.010 ] [             0.010 ]
patch interpolation  [                on ] [                on ]

texscale             [                on ] [                on ]
patch subdividing    [                on ] [                on ]
chop value           [            64.000 ] [            64.000 ]
texchop value        [            32.000 ] [            32.000 ]

global fade          [             1.000 ] [             1.000 ]
global texlight gap  [             0.000 ] [             0.000 ]
global light scale   [ 2.000 2.000 2.000 ] [ 2.000 2.000 2.000 ]
global gamma         [ 0.550 0.550 0.550 ] [ 0.550 0.550 0.550 ]
global light scale   [             2.000 ] [             2.000 ]
global sky diffusion [             1.000 ] [             1.000 ]

spread angles        [                on ] [                on ]
opaque entities      [                on ] [                on ]
sky lighting fix     [                on ] [                on ]
incremental          [               off ] [               off ]
dump                 [               off ] [               off ]

colour jitter        [       0.0 0.0 0.0 ] [       0.0 0.0 0.0 ]
monochromatic jitter [       0.0 0.0 0.0 ] [       0.0 0.0 0.0 ]

custom shadows with bounce light
                     [               off ] [               off ]
rgb transfers        [               off ] [               off ]
minimum final light  [                 0 ] [                 0 ]
size of transfer     [         1 (16bit) ] [         1 (16bit) ]
size of rgbtransfer  [         2 (32bit) ] [         2 (32bit) ]
soft sky             [                on ] [                on ]
translucent depth    [             2.000 ] [             2.000 ]
block opaque         [                on ] [                on ]
ignore textures      [               off ] [               off ]
reflectivity gamma   [             1.760 ] [             1.760 ]
reflectivity scale   [             0.700 ] [             0.700 ]
blur size            [             1.500 ] [             1.500 ]
no emitter range     [               off ] [               off ]
wall bleeding fix    [                on ] [                on ]


Load Textures:
Using Wadfile: Z:\home\glitch\.steam\debian-installation\steamapps\common\Half-Life\valve\maps\sandbox.wa_
2 textures referenced
Reading texlights from 'C:\Program Files\J.A.C.K\halflife\lights.rad'
0 opaque models
0 opaque faces
2784 faces
Create Patches : 42632 base patches
932067 square feet [134217728.00 square inches]
1 direct lights and 16386 fast direct lights
1 light styles

FindFacePositions:
 (0.21 seconds)
BuildFacelights:
 (2.48 seconds)
BuildVisLeafs:
 (10.13 seconds)
visibility matrix   : 217.2 megs
MakeScales:
 (7.35 seconds)
Transfer Lists :           0 transfers
       Indices :           0 bytes
          Data :           0 bytes
Bounce 1 GatherLight:
 (0.04 seconds)
Bounce 2 GatherLight:
 (0.04 seconds)
Bounce 3 GatherLight:
 (0.05 seconds)
Bounce 4 GatherLight:
 (0.03 seconds)
Bounce 5 GatherLight:
 (0.03 seconds)
Bounce 6 GatherLight:
 (0.06 seconds)
Bounce 7 GatherLight:
 (0.04 seconds)
Bounce 8 GatherLight:
 (0.04 seconds)
CreateTriangulations:
 (0.04 seconds)
AddPatchLights:
 (1.28 seconds)
FinalLightFace:
 (0.04 seconds)
22.02 seconds elapsed

-----   END   hlrad -----



